<?xml version="1.0" encoding="utf-8"?><testsuites name="pytest tests"><testsuite name="pytest" errors="0" failures="21" skipped="0" tests="53" time="1.097" timestamp="2026-03-12T12:47:26.365112+08:00" hostname="LAPTOP-VD3VIHT7"><testcase classname="tests.verify_precise_hbr" name="test_golden_dataset_verification[case0]" time="0.012"><failure message="ValueError: too many values to unpack (expected 2)">tests\verify_precise_hbr.py:175: in test_golden_dataset_verification
    components, score_impl = PreciseHBRCalculator.calculate_score(raw_data, demographics)
    ^^^^^^^^^^^^^^^^^^^^^^
E   ValueError: too many values to unpack (expected 2)</failure></testcase><testcase classname="tests.verify_precise_hbr" name="test_golden_dataset_verification[case1]" time="0.002"><failure message="ValueError: too many values to unpack (expected 2)">tests\verify_precise_hbr.py:175: in test_golden_dataset_verification
    components, score_impl = PreciseHBRCalculator.calculate_score(raw_data, demographics)
    ^^^^^^^^^^^^^^^^^^^^^^
E   ValueError: too many values to unpack (expected 2)</failure></testcase><testcase classname="tests.verify_precise_hbr" name="test_golden_dataset_verification[case2]" time="0.002"><failure message="ValueError: too many values to unpack (expected 2)">tests\verify_precise_hbr.py:175: in test_golden_dataset_verification
    components, score_impl = PreciseHBRCalculator.calculate_score(raw_data, demographics)
    ^^^^^^^^^^^^^^^^^^^^^^
E   ValueError: too many values to unpack (expected 2)</failure></testcase><testcase classname="tests.verify_precise_hbr" name="test_golden_dataset_verification[case3]" time="0.002"><failure message="ValueError: too many values to unpack (expected 2)">tests\verify_precise_hbr.py:175: in test_golden_dataset_verification
    components, score_impl = PreciseHBRCalculator.calculate_score(raw_data, demographics)
    ^^^^^^^^^^^^^^^^^^^^^^
E   ValueError: too many values to unpack (expected 2)</failure></testcase><testcase classname="tests.verify_precise_hbr" name="test_golden_dataset_verification[case4]" time="0.002"><failure message="ValueError: too many values to unpack (expected 2)">tests\verify_precise_hbr.py:175: in test_golden_dataset_verification
    components, score_impl = PreciseHBRCalculator.calculate_score(raw_data, demographics)
    ^^^^^^^^^^^^^^^^^^^^^^
E   ValueError: too many values to unpack (expected 2)</failure></testcase><testcase classname="tests.verify_precise_hbr" name="test_golden_dataset_verification[case5]" time="0.002"><failure message="ValueError: too many values to unpack (expected 2)">tests\verify_precise_hbr.py:175: in test_golden_dataset_verification
    components, score_impl = PreciseHBRCalculator.calculate_score(raw_data, demographics)
    ^^^^^^^^^^^^^^^^^^^^^^
E   ValueError: too many values to unpack (expected 2)</failure></testcase><testcase classname="tests.verify_precise_hbr" name="test_golden_dataset_verification[case6]" time="0.002"><failure message="ValueError: too many values to unpack (expected 2)">tests\verify_precise_hbr.py:175: in test_golden_dataset_verification
    components, score_impl = PreciseHBRCalculator.calculate_score(raw_data, demographics)
    ^^^^^^^^^^^^^^^^^^^^^^
E   ValueError: too many values to unpack (expected 2)</failure></testcase><testcase classname="tests.verify_precise_hbr" name="test_golden_dataset_verification[case7]" time="0.002"><failure message="ValueError: too many values to unpack (expected 2)">tests\verify_precise_hbr.py:175: in test_golden_dataset_verification
    components, score_impl = PreciseHBRCalculator.calculate_score(raw_data, demographics)
    ^^^^^^^^^^^^^^^^^^^^^^
E   ValueError: too many values to unpack (expected 2)</failure></testcase><testcase classname="tests.verify_precise_hbr" name="test_golden_dataset_verification[case8]" time="0.002"><failure message="ValueError: too many values to unpack (expected 2)">tests\verify_precise_hbr.py:175: in test_golden_dataset_verification
    components, score_impl = PreciseHBRCalculator.calculate_score(raw_data, demographics)
    ^^^^^^^^^^^^^^^^^^^^^^
E   ValueError: too many values to unpack (expected 2)</failure></testcase><testcase classname="tests.verify_precise_hbr" name="test_golden_dataset_verification[case9]" time="0.002"><failure message="ValueError: too many values to unpack (expected 2)">tests\verify_precise_hbr.py:175: in test_golden_dataset_verification
    components, score_impl = PreciseHBRCalculator.calculate_score(raw_data, demographics)
    ^^^^^^^^^^^^^^^^^^^^^^
E   ValueError: too many values to unpack (expected 2)</failure></testcase><testcase classname="tests.verify_precise_hbr" name="test_golden_dataset_verification[case10]" time="0.002"><failure message="ValueError: too many values to unpack (expected 2)">tests\verify_precise_hbr.py:175: in test_golden_dataset_verification
    components, score_impl = PreciseHBRCalculator.calculate_score(raw_data, demographics)
    ^^^^^^^^^^^^^^^^^^^^^^
E   ValueError: too many values to unpack (expected 2)</failure></testcase><testcase classname="tests.verify_precise_hbr" name="test_golden_dataset_verification[case11]" time="0.002"><failure message="ValueError: too many values to unpack (expected 2)">tests\verify_precise_hbr.py:175: in test_golden_dataset_verification
    components, score_impl = PreciseHBRCalculator.calculate_score(raw_data, demographics)
    ^^^^^^^^^^^^^^^^^^^^^^
E   ValueError: too many values to unpack (expected 2)</failure></testcase><testcase classname="tests.verify_precise_hbr" name="test_golden_dataset_verification[case12]" time="0.003"><failure message="ValueError: too many values to unpack (expected 2)">tests\verify_precise_hbr.py:175: in test_golden_dataset_verification
    components, score_impl = PreciseHBRCalculator.calculate_score(raw_data, demographics)
    ^^^^^^^^^^^^^^^^^^^^^^
E   ValueError: too many values to unpack (expected 2)</failure></testcase><testcase classname="tests.verify_precise_hbr" name="test_golden_dataset_verification[case13]" time="0.002"><failure message="ValueError: too many values to unpack (expected 2)">tests\verify_precise_hbr.py:175: in test_golden_dataset_verification
    components, score_impl = PreciseHBRCalculator.calculate_score(raw_data, demographics)
    ^^^^^^^^^^^^^^^^^^^^^^
E   ValueError: too many values to unpack (expected 2)</failure></testcase><testcase classname="tests.verify_precise_hbr" name="test_golden_dataset_verification[case14]" time="0.002"><failure message="ValueError: too many values to unpack (expected 2)">tests\verify_precise_hbr.py:175: in test_golden_dataset_verification
    components, score_impl = PreciseHBRCalculator.calculate_score(raw_data, demographics)
    ^^^^^^^^^^^^^^^^^^^^^^
E   ValueError: too many values to unpack (expected 2)</failure></testcase><testcase classname="tests.verify_precise_hbr" name="test_golden_dataset_verification[case15]" time="0.002"><failure message="ValueError: too many values to unpack (expected 2)">tests\verify_precise_hbr.py:175: in test_golden_dataset_verification
    components, score_impl = PreciseHBRCalculator.calculate_score(raw_data, demographics)
    ^^^^^^^^^^^^^^^^^^^^^^
E   ValueError: too many values to unpack (expected 2)</failure></testcase><testcase classname="tests.verify_precise_hbr" name="test_golden_dataset_verification[case16]" time="0.002"><failure message="ValueError: too many values to unpack (expected 2)">tests\verify_precise_hbr.py:175: in test_golden_dataset_verification
    components, score_impl = PreciseHBRCalculator.calculate_score(raw_data, demographics)
    ^^^^^^^^^^^^^^^^^^^^^^
E   ValueError: too many values to unpack (expected 2)</failure></testcase><testcase classname="tests.verify_precise_hbr" name="test_golden_dataset_verification[case17]" time="0.002"><failure message="ValueError: too many values to unpack (expected 2)">tests\verify_precise_hbr.py:175: in test_golden_dataset_verification
    components, score_impl = PreciseHBRCalculator.calculate_score(raw_data, demographics)
    ^^^^^^^^^^^^^^^^^^^^^^
E   ValueError: too many values to unpack (expected 2)</failure></testcase><testcase classname="tests.verify_precise_hbr" name="test_golden_dataset_verification[case18]" time="0.002"><failure message="ValueError: too many values to unpack (expected 2)">tests\verify_precise_hbr.py:175: in test_golden_dataset_verification
    components, score_impl = PreciseHBRCalculator.calculate_score(raw_data, demographics)
    ^^^^^^^^^^^^^^^^^^^^^^
E   ValueError: too many values to unpack (expected 2)</failure></testcase><testcase classname="tests.verify_precise_hbr" name="test_golden_dataset_verification[case19]" time="0.002"><failure message="ValueError: too many values to unpack (expected 2)">tests\verify_precise_hbr.py:175: in test_golden_dataset_verification
    components, score_impl = PreciseHBRCalculator.calculate_score(raw_data, demographics)
    ^^^^^^^^^^^^^^^^^^^^^^
E   ValueError: too many values to unpack (expected 2)</failure></testcase><testcase classname="tests.verify_precise_hbr" name="test_boundary_values" time="0.002"><failure message="ValueError: too many values to unpack (expected 2)">tests\verify_precise_hbr.py:214: in test_boundary_values
    _, score = PreciseHBRCalculator.calculate_score(raw, dem)
    ^^^^^^^^
E   ValueError: too many values to unpack (expected 2)</failure></testcase><testcase classname="tests.test_risk_classifier.TestRiskClassification" name="test_classify_low_risk" time="0.001" /><testcase classname="tests.test_risk_classifier.TestRiskClassification" name="test_classify_moderate_risk" time="0.001" /><testcase classname="tests.test_risk_classifier.TestRiskClassification" name="test_classify_high_risk" time="0.001" /><testcase classname="tests.test_risk_classifier.TestRiskClassification" name="test_classify_boundary_score_23" time="0.001" /><testcase classname="tests.test_risk_classifier.TestRiskClassification" name="test_classify_boundary_score_27" time="0.001" /><testcase classname="tests.test_risk_classifier.TestRiskClassification" name="test_classify_zero_score" time="0.001" /><testcase classname="tests.test_risk_classifier.TestRiskClassification" name="test_classify_very_high_score" time="0.001" /><testcase classname="tests.test_risk_classifier.TestBleedingRiskPercentage" name="test_bleeding_risk_low_score" time="0.001" /><testcase classname="tests.test_risk_classifier.TestBleedingRiskPercentage" name="test_bleeding_risk_moderate_score" time="0.001" /><testcase classname="tests.test_risk_classifier.TestBleedingRiskPercentage" name="test_bleeding_risk_high_score" time="0.001" /><testcase classname="tests.test_risk_classifier.TestBleedingRiskPercentage" name="test_bleeding_risk_zero_score" time="0.001" /><testcase classname="tests.test_risk_classifier.TestBleedingRiskPercentage" name="test_bleeding_risk_returns_valid_format" time="0.001" /><testcase classname="tests.test_risk_classifier.TestColorCoding" name="test_color_for_low_risk" time="0.001" /><testcase classname="tests.test_risk_classifier.TestColorCoding" name="test_color_for_moderate_risk" time="0.001" /><testcase classname="tests.test_risk_classifier.TestColorCoding" name="test_color_for_high_risk" time="0.001" /><testcase classname="tests.test_risk_classifier.TestRiskCategoryInfo" name="test_category_info_includes_percentage" time="0.001" /><testcase classname="tests.test_risk_classifier.TestRiskCategoryInfo" name="test_category_info_includes_score_range" time="0.001" /><testcase classname="tests.test_risk_classifier.TestRiskCategoryInfo" name="test_category_info_consistency" time="0.001" /><testcase classname="tests.test_risk_classifier.TestEdgeCases" name="test_negative_score" time="0.001" /><testcase classname="tests.test_risk_classifier.TestEdgeCases" name="test_very_large_score" time="0.001" /><testcase classname="tests.test_risk_classifier.TestEdgeCases" name="test_float_score" time="0.001" /><testcase classname="tests.test_risk_classifier.TestEdgeCases" name="test_string_score" time="0.001" /><testcase classname="tests.test_risk_classifier.TestRiskThresholds" name="test_threshold_22_not_hbr" time="0.001" /><testcase classname="tests.test_risk_classifier.TestRiskThresholds" name="test_threshold_23_hbr" time="0.001" /><testcase classname="tests.test_risk_classifier.TestRiskThresholds" name="test_threshold_26_hbr" time="0.001" /><testcase classname="tests.test_risk_classifier.TestRiskThresholds" name="test_threshold_27_very_high_hbr" time="0.001" /><testcase classname="tests.test_risk_classifier.TestBleedingRiskFormula" name="test_bleeding_risk_increases_with_score" time="0.001" /><testcase classname="tests.test_risk_classifier.TestBleedingRiskFormula" name="test_bleeding_risk_reasonable_range" time="0.001" /><testcase classname="tests.test_risk_classifier.TestSingletonPattern" name="test_singleton_instance" time="0.001" /><testcase classname="tests.test_risk_classifier.TestReturnValueStructure" name="test_classify_risk_returns_dict" time="0.001" /><testcase classname="tests.test_risk_classifier.TestReturnValueStructure" name="test_classify_risk_has_required_keys" time="0.001" /><testcase classname="tests.test_risk_classifier.TestReturnValueStructure" name="test_bleeding_risk_percentage_type" time="0.001" /></testsuite></testsuites>